31/5/2020 14:28:54 | /home/gaurav/Desktop/VocherGenerate/components/voucher/voucher.controller.js(114) | st5RoFrsuhMfj0CYEbdzbTIoVwZtCury | IP - Unknown | [info] | { email: 'gauravbansal0000@gmail.com',
  generationTime: 1590915534195,
  status: 'active',
  usageActivity: 5,
  _id: 5ed371ce87c6ed53d3c6dd92,
  code: 'VCDrikd7sdim7',
  pin:
   '$2b$08$QclbosaKM6WMeAoN6yF6PuXeu55ro4uz5VB06cUlaVA4xLMzzG.Vi',
  amount: 2000,
  createdAt: 2020-05-31T08:58:54.197Z,
  updatedAt: 2020-05-31T08:58:54.197Z,
  __v: 0 }
31/5/2020 15:46:22 | /home/gaurav/Desktop/VocherGenerate/components/voucher/voucher.controller.js(110) | q9d35fs5JnUuNcFgs6HyYBpEtxZ3HiPS | IP - Unknown | [info] | { email: 'gauravbansal0000@gmail.com',
  generationTime: 1590920182652,
  status: 'active',
  usageActivity: 5,
  _id: 5ed383f6f2058b6b946c8559,
  code: 'VCDbrk530tx4h',
  pin:
   '$2b$08$dafGf7PG6HvM/pghVfcmtOhVUXEV4xQ98JjcCLz/jQARNuVzfz6Ae',
  amount: 2000,
  createdAt: 2020-05-31T10:16:22.666Z,
  updatedAt: 2020-05-31T10:16:22.666Z,
  __v: 0 }
31/5/2020 16:42:47 | /home/gaurav/Desktop/VocherGenerate/components/voucher/voucher.controller.js(110) | 2nB19AcD6suWGE5Hpw1Oy362yU0gqgyV | IP - Unknown | [info] | { email: 'gauravbansal0000@gmail.com',
  generationTime: 10,
  status: 'active',
  usageActivity: 5,
  _id: 5ed3912f9ce4b0778837a6f6,
  code: 'VCDnegrj8bwoy',
  pin:
   '$2b$08$tgLGAGoJC3n8hZp0LUlZXeUjSCl3uwQhMmBHc/rc8ZjEZ6ixcmsNG',
  amount: 2000,
  createdAt: 2020-05-31T11:12:47.031Z,
  updatedAt: 2020-05-31T11:12:47.031Z,
  __v: 0 }
31/5/2020 16:52:22 | /home/gaurav/Desktop/VocherGenerate/components/voucher/voucher.controller.js(110) | iV5kmt04guAh5FEbfc6IqDypvIxPujrL | IP - Unknown | [info] | { email: 'gauravbansal0000@gmail.com',
  generationTime: 1590924142101,
  status: 'active',
  usageActivity: 5,
  _id: 5ed3936e6e01367b9f8dcb41,
  code: 'VCDzwo9bjjizy',
  pin:
   '$2b$08$DCiesDBElF3PrZH9bN7JDu/tD4rNKCaf7GzviMqRGpNLDQAfKtaWS',
  amount: 2000,
  createdAt: 2020-05-31T11:22:22.115Z,
  updatedAt: 2020-05-31T11:22:22.115Z,
  __v: 0 }
31/5/2020 17:07:36 | /home/gaurav/Desktop/VocherGenerate/components/voucher/voucher.controller.js(110) | BfZ7COA1Ff7Jd0rrR0l2yPND1D9OLO5T | IP - Unknown | [info] | { email: 'gauravbansal0000@gmail.com',
  generationTime: 10,
  status: 'active',
  usageActivity: 5,
  _id: 5ed397003eb07b038bcd2bee,
  code: 'VCDy985i7kxpm',
  pin:
   '$2b$08$5D8jn6fJniiMsvcZfVBfSuha08WF28MGUd/5pa5UY/LrImoYvMpqm',
  amount: 2000,
  createdAt: 2020-05-31T11:37:36.218Z,
  updatedAt: 2020-05-31T11:37:36.218Z,
  __v: 0 }
31/5/2020 17:16:09 | /home/gaurav/Desktop/VocherGenerate/components/voucher/voucher.controller.js(110) | bngm4gRxe9RxpNtMEXsxcWHWDmJEFdk0 | IP - Unknown | [info] | { email: 'gauravbansal0000@gmail.com',
  generationTime: 1590925569757,
  status: 'active',
  usageActivity: 5,
  _id: 5ed399013135810b220f1dde,
  code: 'VCDokf14jgpr4',
  pin:
   '$2b$08$qVrpqCzLrcLOWWQXBGR1t.RaUuu/z6V63fx0K1QCze.mNs7n.zEPG',
  amount: 2000,
  createdAt: 2020-05-31T11:46:09.768Z,
  updatedAt: 2020-05-31T11:46:09.768Z,
  __v: 0 }
31/5/2020 18:53:21 | /home/gaurav/Desktop/VocherGenerate/components/voucher/voucher.controller.js(110) | iv8At4U8VI4KeZEFapD26cvfJAAhUHa8 | IP - Unknown | [info] | { email: 'gauravbansal0000@gmail.com',
  generationTime: 1590931401580,
  status: 'active',
  usageActivity: 5,
  _id: 5ed3afc97d12e527689de381,
  code: 'VCDgj4kyz897n',
  pin:
   '$2b$08$I1OEUax23y5Jwo9UdUEZ3eUiBiLBe2G6A59CwRzE8kTj49JTVAR9a',
  amount: 2000,
  createdAt: 2020-05-31T13:23:21.589Z,
  updatedAt: 2020-05-31T13:23:21.589Z,
  __v: 0 }
31/5/2020 18:55:49 | /home/gaurav/Desktop/VocherGenerate/components/voucher/voucher.controller.js(110) | UWpvxKQ0TRKuMSIrlSMbVbzI6l220ynG | IP - Unknown | [info] | { email: 'gauravbansal0000@gmail.com',
  generationTime: 1590931549919,
  status: 'active',
  usageActivity: 5,
  _id: 5ed3b05d39e8392827188020,
  code: 'VCDfbe4tvzhvp',
  pin:
   '$2b$08$n63LcjzLhwtTnQq9.PshmOG3H3HzoqBAiBPiXFZuBbCeZJISiybyy',
  amount: 2000,
  createdAt: 2020-05-31T13:25:49.928Z,
  updatedAt: 2020-05-31T13:25:49.928Z,
  __v: 0 }
31/5/2020 20:59:54 | /home/gaurav/Desktop/VocherGenerate/components/voucher/voucher.controller.js(111) | wz0XMYpxu2zhWo5QxHsUlEtVfzoLtLzd | IP - Unknown | [info] | { email: 'gauravbansal0000@gmail.com',
  generationTime: 1590938994533,
  attemptTime: null,
  status: 'active',
  usageActivity: 5,
  _id: 5ed3cd725724c55128cbf205,
  code: 'VCDmys8617gt9',
  pin:
   '$2b$08$CnTptve9FRGndsGEIY3OMe/mkkvs96q/2y1eQPAqPgOObV2vw.GiS',
  amount: 2000,
  createdAt: 2020-05-31T15:29:54.540Z,
  updatedAt: 2020-05-31T15:29:54.540Z,
  __v: 0 }
31/5/2020 21:00:50 | /home/gaurav/Desktop/VocherGenerate/components/voucher/voucher.controller.js(111) | zrWot3EqR3yyZWHSHd1kG9GAKNNedR7c | IP - Unknown | [info] | { email: 'gauravbansal0000@gmail.com',
  generationTime: 1590939050049,
  attemptTime: null,
  status: 'active',
  usageActivity: 5,
  _id: 5ed3cdaa5724c55128cbf206,
  code: 'VCDvl5jvxzeqr',
  pin:
   '$2b$08$zEsUEkqxzB7Ytdn4m/eeWum6SEB70PHi1.WRccF8dNc24ykFOFyUi',
  amount: 2000,
  createdAt: 2020-05-31T15:30:50.051Z,
  updatedAt: 2020-05-31T15:30:50.051Z,
  __v: 0 }
31/5/2020 21:01:33 | /home/gaurav/Desktop/VocherGenerate/components/voucher/voucher.controller.js(113) | 4t9HbxJranpWRmD8vg12a3RHzFJQP7rG | IP - Unknown | [info] | { email: 'gauravbansal0000@gmail.com',
  generationTime: 1590939093800,
  attemptTime: null,
  status: 'active',
  usageActivity: 5,
  _id: 5ed3cdd5ef5dc451d7498f92,
  code: 'VCDp5tirsnhg0',
  pin:
   '$2b$08$fkTk5LaU1vWkgisBPgOoEuxRq7x9dSJzyuj4MNb1Xic/H250iAB.S',
  amount: 2000,
  createdAt: 2020-05-31T15:31:33.828Z,
  updatedAt: 2020-05-31T15:31:33.828Z,
  __v: 0 }
31/5/2020 21:42:46 | /home/gaurav/Desktop/VocherGenerate/components/voucher/voucher.controller.js(115) | LOetoSJo2ZbVT95wzwepy5P7DCfvcky9 | IP - Unknown | [info] | { email: 'gauravbansal0000@gmail.com',
  generationTime: 1590941566474,
  attemptTime: null,
  status: 'active',
  usageActivity: 5,
  _id: 5ed3d77ec225a857635d8325,
  code: 'VCDcpkhhrhcds',
  pin:
   '$2b$08$B7.XDBOiZ4i.pLQlXvXt8OjsVakNZoATPOeeVDcDxrl6SlEXQaRpG',
  amount: 2000,
  createdAt: 2020-05-31T16:12:46.493Z,
  updatedAt: 2020-05-31T16:12:46.493Z,
  __v: 0 }
31/5/2020 21:50:17 | /home/gaurav/Desktop/VocherGenerate/components/voucher/voucher.controller.js(115) | 4zeyx5vhFo8Ia2qi3SpiKH3U5oLNkOuq | IP - Unknown | [info] | { email: 'gauravbansal0000@gmail.com',
  generationTime: 1590942017187,
  attemptTime: 0,
  status: 'active',
  usageActivity: 5,
  _id: 5ed3d941dcd59459e095d0e9,
  code: 'VCD4h54in344l',
  pin:
   '$2b$08$yo6pZEpnvzHjliAOzKycOe9WLy8AXjPfxfqugHjEsOn2h7JrVg.vy',
  amount: 2000,
  createdAt: 2020-05-31T16:20:17.198Z,
  updatedAt: 2020-05-31T16:20:17.198Z,
  __v: 0 }
31/5/2020 22:11:33 | /home/gaurav/Desktop/VocherGenerate/components/voucher/voucher.controller.js(115) | IHeZuYqtWfmFKntBeoVwAOXKO7EdxycC | IP - Unknown | [info] | { email: 'gauravbansal0000@gmail.com',
  generationTime: 1590943293964,
  attemptTime: 0,
  status: 'active',
  usageActivity: 5,
  _id: 5ed3de3d7d4343600bac081b,
  code: 'VCD9o974l1a3y',
  pin:
   '$2b$08$GyN5RzQgsGvZVZQyKCVK9exrJN4VxYsQncDND5dVbI5aYVEvOe9BO',
  amount: 2000,
  createdAt: 2020-05-31T16:41:33.978Z,
  updatedAt: 2020-05-31T16:41:33.978Z,
  __v: 0 }
31/5/2020 22:32:58 | /home/gaurav/Desktop/VocherGenerate/components/voucher/voucher.controller.js(115) | JzPLquiISMswO6B3q9A3iaAc0WIQBVyk | IP - Unknown | [info] | { email: 'gauravbansal0000@gmail.com',
  generationTime: 1590944578760,
  attemptTime: 0,
  status: 'active',
  usageActivity: 5,
  _id: 5ed3e342d5cf5e685cb55d82,
  code: 'VCDrdzpmu7b0y',
  pin:
   '$2b$08$PNDCv.4PadbN8cS.FFs8FODdLITWL4vLY4lvBcA3dtAjQUrTEY3VS',
  amount: 2000,
  createdAt: 2020-05-31T17:02:58.773Z,
  updatedAt: 2020-05-31T17:02:58.773Z,
  __v: 0 }
31/5/2020 22:58:32 | /home/gaurav/Desktop/VocherGenerate/components/voucher/voucher.controller.js(115) | emeBcRhtrnDF8jkjGpwgeLZHpWAYcYNO | IP - Unknown | [info] | { email: 'gauravbansal0000@gmail.com',
  generationTime: 1590946112579,
  attemptTime: 0,
  status: 'active',
  usageActivity: 5,
  _id: 5ed3e9407011016dac8e8d97,
  code: 'VCD53riwe6f1w',
  pin:
   '$2b$08$QHFtPTjg7msSB2ENBv2V..G/oOwO3tcNXq/hPqb1oHmc5r9JktpPu',
  amount: 2000,
  createdAt: 2020-05-31T17:28:32.590Z,
  updatedAt: 2020-05-31T17:28:32.590Z,
  __v: 0 }
31/5/2020 23:01:43 | /home/gaurav/Desktop/VocherGenerate/components/voucher/voucher.controller.js(115) | 9VZWTxMwukSBiY8pUjbJcu45lB0c5wte | IP - Unknown | [info] | { email: 'gauravbansal0000@gmail.com',
  generationTime: 1590946303940,
  attemptTime: 0,
  status: 'active',
  usageActivity: 5,
  _id: 5ed3e9ffc786d96e8301ba1d,
  code: 'VCDr53ywuuu5r',
  pin:
   '$2b$08$VxQEc2XdDLMC40UCkBHGUOeIFlE7Jp2MkEyrQ6N4itm3.pbwbIRqe',
  amount: 2000,
  createdAt: 2020-05-31T17:31:43.951Z,
  updatedAt: 2020-05-31T17:31:43.951Z,
  __v: 0 }
31/5/2020 23:54:29 | /home/gaurav/Desktop/VocherGenerate/components/voucher/voucher.controller.js(98) | fjW1uOBlnF4l2gyeRSsuV3bDw4FhsrOi | IP - Unknown | [info] | { email: 'gauravbansal0000@gmail.com',
  generationTime: 1590949468838,
  attemptTime: 0,
  status: 'active',
  usageActivity: 5,
  _id: 5ed3f65ceceda51900ce35e4,
  code: 'VCDyea0yxwpa6',
  pin:
   '$2b$08$gweiln5GdbSzS9HA3oPwt.2D0jKEDAjkobosHHn05AEi2DPybRRci',
  amount: 2000,
  createdAt: 2020-05-31T18:24:28.850Z,
  updatedAt: 2020-05-31T18:24:28.850Z,
  __v: 0 }
31/5/2020 23:56:35 | /home/gaurav/Desktop/VocherGenerate/components/voucher/voucher.controller.js(98) | YAs6aQ5fDkA70kdsfTa00D4LL19SYkwG | IP - Unknown | [info] | { email: 'gauravbansal0000@gmail.com',
  generationTime: 1590949595852,
  attemptTime: 0,
  status: 'active',
  usageActivity: 5,
  _id: 5ed3f6dbf400351a2f371716,
  code: 'VCD2z1nhhxglb',
  pin:
   '$2b$08$Z8MOYWFPv4SQ.qTlz/br0eMhyU7fuX.13Fi8H4ScIf6NF4FWEOPFK',
  amount: 2000,
  createdAt: 2020-05-31T18:26:35.866Z,
  updatedAt: 2020-05-31T18:26:35.866Z,
  __v: 0 }
31/5/2020 23:59:03 | /home/gaurav/Desktop/VocherGenerate/components/voucher/voucher.controller.js(98) | ykc1br87P3X5oNH8fyGXMxPJImiohuW1 | IP - Unknown | [info] | { email: 'gauravbansal0000@gmail.com',
  generationTime: 1590949743005,
  attemptTime: 0,
  status: 'active',
  usageActivity: 5,
  _id: 5ed3f76f973dee1af5cd9649,
  code: 'VCDsdn2a5rv1c',
  pin:
   '$2b$08$KxFoh2misfDJQvf.RXyojON/7HrMnqHRl9DGhdWHadCBqj9GR4hmy',
  amount: 2000,
  createdAt: 2020-05-31T18:29:03.017Z,
  updatedAt: 2020-05-31T18:29:03.017Z,
  __v: 0 }
31/5/2020 23:59:53 | /home/gaurav/Desktop/VocherGenerate/components/voucher/voucher.controller.js(98) | sUsgUOjHk4JWlCmteQASSXhGaazpyHpA | IP - Unknown | [info] | { email: 'gauravbansal0000@gmail.com',
  generationTime: 1590949793050,
  attemptTime: 0,
  status: 'active',
  usageActivity: 5,
  _id: 5ed3f7a102a3c41baba9ef6f,
  code: 'VCD1dd0b4e6i6',
  pin:
   '$2b$08$r8EG/E4qu4az/zwGw6ujUu9Vu/YD17.d8l5sW5jHLHp3PdnXmTYx2',
  amount: 2000,
  createdAt: 2020-05-31T18:29:53.063Z,
  updatedAt: 2020-05-31T18:29:53.063Z,
  __v: 0 }
